num: 1

(0,0) (1,0) (0,0) (0,0) 
(0,0) (0,0) (1,0) (0,0) 
num: 2

(0,0) (1,0) (0,0) (1,0) 
(0,0) (0,0) (1,0) (1,0) 
num: 3

(0,0) (1,1) (0,0) (1,0) 
(0,0) (0,0) (1,0) (2,0) 
num: 4

(0,0) (1,1) (0,1) (1,0) 
(0,0) (0,0) (2,0) (2,0) 
num: 5

(0,0) (1,2) (0,1) (1,0) 
(0,0) (0,0) (3,0) (2,0) 
num: 6

(0,0) (1,2) (0,2) (1,0) 
(0,0) (0,0) (4,0) (2,0) 
num: 7

(0,1) (1,2) (0,2) (1,0) 
(0,0) (0,1) (4,0) (2,0) 
num: 8

(0,2) (1,2) (0,2) (1,0) 
(0,0) (0,2) (4,0) (2,0) 
num: 9

(0,2) (1,2) (0,3) (1,0) 
(0,0) (0,2) (4,1) (2,0) 
num: 10

(1,2) (0,2) (0,3) (1,0) 
(0,0) (0,2) (4,2) (2,0) 
num: 11

(1,2) (0,2) (0,4) (0,0) 
(0,0) (0,2) (4,2) (2,1) 
num: 12

(1,2) (0,2) (0,4) (1,0) 
(0,0) (0,2) (4,3) (2,1) 
num: 13

(2,2) (0,2) (0,4) (1,0) 
(0,0) (0,3) (4,3) (2,1) 
num: 14

(3,2) (0,2) (0,4) (1,0) 
(1,0) (0,3) (4,3) (2,1) 
num: 15

(3,2) (1,2) (0,4) (1,0) 
(1,0) (0,3) (0,3) (0,2) 
num: 16

(4,2) (1,2) (0,4) (1,0) 
(1,0) (0,3) (1,3) (0,2) 
num: 17

(4,0) (2,0) (0,4) (1,0) 
(1,0) (0,3) (1,3) (1,2) 
num: 18

(4,0) (2,0) (1,4) (1,0) 
(1,0) (0,3) (1,3) (2,2) 
num: 19

(4,1) (2,0) (1,0) (1,0) 
(2,0) (0,3) (1,3) (2,2) 
num: 20

(4,1) (2,0) (1,0) (1,1) 
(2,0) (0,3) (2,3) (2,2) 
